<?xml version="1.0" encoding="UTF-8"?>
<testsuite name="com.example.project.LinearCalculatorTest" tests="4" skipped="0" failures="0" errors="0" timestamp="2024-10-17T13:02:29" hostname="codespaces-b89cb1" time="0.208">
  <properties/>
  <testcase name="testFindSymmetry()" classname="com.example.project.LinearCalculatorTest" time="0.076"/>
  <testcase name="testMidpoint()" classname="com.example.project.LinearCalculatorTest" time="0.039"/>
  <testcase name="testPrintInfo1()" classname="com.example.project.LinearCalculatorTest" time="0.073"/>
  <testcase name="testPrintInfo2()" classname="com.example.project.LinearCalculatorTest" time="0.01"/>
  <system-out><![CDATA[0.00.0
3.00.0
2.03.0
]]></system-out>
  <system-err><![CDATA[]]></system-err>
</testsuite>
